[debug] [2025-02-15T12:28:47.669Z] ----------------------------------------------------------------------
[debug] [2025-02-15T12:28:47.681Z] Command:       C:\Program Files\nodejs\node.exe C:\Users\DELL\AppData\Roaming\npm\node_modules\firebase-tools\lib\bin\firebase.js init
[debug] [2025-02-15T12:28:47.684Z] CLI Version:   13.29.2
[debug] [2025-02-15T12:28:47.684Z] Platform:      win32
[debug] [2025-02-15T12:28:47.685Z] Node Version:  v22.11.0
[debug] [2025-02-15T12:28:47.687Z] Time:          Sat Feb 15 2025 17:58:47 GMT+0530 (India Standard Time)
[debug] [2025-02-15T12:28:47.687Z] ----------------------------------------------------------------------
[debug] 
[debug] [2025-02-15T12:28:47.696Z] >>> [apiv2][query] GET https://firebase-public.firebaseio.com/cli.json [none]
[debug] [2025-02-15T12:28:47.789Z] > command requires scopes: ["email","openid","https://www.googleapis.com/auth/cloudplatformprojects.readonly","https://www.googleapis.com/auth/firebase","https://www.googleapis.com/auth/cloud-platform"]
[debug] [2025-02-15T12:28:47.790Z] > authorizing via signed-in user (tinachugera@gmail.com)
[info] 
     ######## #### ########  ######## ########     ###     ######  ########
     ##        ##  ##     ## ##       ##     ##  ##   ##  ##       ##
     ######    ##  ########  ######   ########  #########  ######  ######
     ##        ##  ##    ##  ##       ##     ## ##     ##       ## ##
     ##       #### ##     ## ######## ########  ##     ##  ######  ########

You're about to initialize a Firebase project in this directory:

  C:\Users\DELL\Downloads\Canteen-Management-main\Canteen-Management-main

[debug] [2025-02-15T12:28:48.508Z] <<< [apiv2][status] GET https://firebase-public.firebaseio.com/cli.json 200
[debug] [2025-02-15T12:28:48.509Z] <<< [apiv2][body] GET https://firebase-public.firebaseio.com/cli.json {"cloudBuildErrorAfter":1594252800000,"cloudBuildWarnAfter":1590019200000,"defaultNode10After":1594252800000,"minVersion":"3.0.5","node8DeploysDisabledAfter":1613390400000,"node8RuntimeDisabledAfter":1615809600000,"node8WarnAfter":1600128000000}
